[root@localhost ~]# curl '192.168.209.129:9200/logs/_search'
{"took":1,"timed_out":false,"_shards":{"total":5,"successful":5,"skipped":0,"failed":0},"hits":{"total":5,"max_score":1.0,"hits":[{"_index":"logs","_type":"doc","_id":"kKrOwWkB_hVnVxNZozTF","_score":1.0,"_source":{
    "@timestamp": "2019-03-18T09:19:05.003Z",
    "host": "192.168.209.129",
    "module": "zfs",
    "level": "DEBUG",
    "message": "200 OK"
}},{"_index":"logs","_type":"doc","_id":"karOwWkB_hVnVxNZuzR7","_score":1.0,"_source":{
    "@timestamp": "2019-04-18T08:18:05.001Z",
    "host": "192.168.209.130",
    "module": "s3server",
    "level": "ERROR",
    "message": "403 Client Access Licenses exceeded."
}},{"_index":"logs","_type":"doc","_id":"kqrOwWkB_hVnVxNZ0zSU","_score":1.0,"_source":{
    "@timestamp": "2019-06-18T08:18:16.020Z",
    "host": "192.168.209.131",
    "module": "lakefs",
    "level": "WARN",
    "message": "404 Not found"
}},{"_index":"logs","_type":"doc","_id":"j6rKwWkB_hVnVxNZHTSQ","_score":1.0,"_source":{
    "@timestamp": "2019-05-18T08:18:05.000Z",
    "host": "192.168.209.129",
    "module": "httpserver",
    "level": "ERROR",
    "message": "403 Client Access Licenses exceeded."
}},{"_index":"logs","_type":"doc","_id":"k6rOwWkB_hVnVxNZ6TT6","_score":1.0,"_source":{
    "@timestamp": "2019-05-19T10:18:05.100Z",
    "host": "192.168.209.128",
    "module": "httpserver",
    "level": "INFO",
    "message": "301 permanent redirect"
}}]}}[root@localhost ~]#
[root@localhost ~]# curl 'http://192.168.209.129:9200/logs/_search?pretty&from=0&size=2'
{
  "took" : 0,
  "timed_out" : false,
  "_shards" : {
    "total" : 5,
    "successful" : 5,
    "skipped" : 0,
    "failed" : 0
  },
  "hits" : {
    "total" : 5,
    "max_score" : 1.0,
    "hits" : [
      {
        "_index" : "logs",
        "_type" : "doc",
        "_id" : "kKrOwWkB_hVnVxNZozTF",
        "_score" : 1.0,
        "_source" : {
          "@timestamp" : "2019-03-18T09:19:05.003Z",
          "host" : "192.168.209.129",
          "module" : "zfs",
          "level" : "DEBUG",
          "message" : "200 OK"
        }
      },
      {
        "_index" : "logs",
        "_type" : "doc",
        "_id" : "karOwWkB_hVnVxNZuzR7",
        "_score" : 1.0,
        "_source" : {
          "@timestamp" : "2019-04-18T08:18:05.001Z",
          "host" : "192.168.209.130",
          "module" : "s3server",
          "level" : "ERROR",
          "message" : "403 Client Access Licenses exceeded."
        }
      }
    ]
  }
}
[root@localhost ~]# curl 'http://192.168.209.129:9200/logs/_search?pretty&from=2&size=2'
{
  "took" : 1,
  "timed_out" : false,
  "_shards" : {
    "total" : 5,
    "successful" : 5,
    "skipped" : 0,
    "failed" : 0
  },
  "hits" : {
    "total" : 5,
    "max_score" : 1.0,
    "hits" : [
      {
        "_index" : "logs",
        "_type" : "doc",
        "_id" : "kqrOwWkB_hVnVxNZ0zSU",
        "_score" : 1.0,
        "_source" : {
          "@timestamp" : "2019-06-18T08:18:16.020Z",
          "host" : "192.168.209.131",
          "module" : "lakefs",
          "level" : "WARN",
          "message" : "404 Not found"
        }
      },
      {
        "_index" : "logs",
        "_type" : "doc",
        "_id" : "j6rKwWkB_hVnVxNZHTSQ",
        "_score" : 1.0,
        "_source" : {
          "@timestamp" : "2019-05-18T08:18:05.000Z",
          "host" : "192.168.209.129",
          "module" : "httpserver",
          "level" : "ERROR",
          "message" : "403 Client Access Licenses exceeded."
        }
      }
    ]
  }
}
[root@localhost ~]# curl 'http://192.168.209.129:9200/logs/_search?pretty&from=4&size=2'
{
  "took" : 1,
  "timed_out" : false,
  "_shards" : {
    "total" : 5,
    "successful" : 5,
    "skipped" : 0,
    "failed" : 0
  },
  "hits" : {
    "total" : 5,
    "max_score" : 1.0,
    "hits" : [
      {
        "_index" : "logs",
        "_type" : "doc",
        "_id" : "k6rOwWkB_hVnVxNZ6TT6",
        "_score" : 1.0,
        "_source" : {
          "@timestamp" : "2019-05-19T10:18:05.100Z",
          "host" : "192.168.209.128",
          "module" : "httpserver",
          "level" : "INFO",
          "message" : "301 permanent redirect"
        }
      }
    ]
  }
}
[root@localhost ~]# 
